[debug] [2021-10-12T08:09:13.554Z] ----------------------------------------------------------------------
[debug] [2021-10-12T08:09:13.559Z] Command:       C:\Program Files\nodejs\node.exe C:\Users\USER\AppData\Roaming\npm\node_modules\firebase-tools\lib\bin\firebase.js init
[debug] [2021-10-12T08:09:13.559Z] CLI Version:   9.20.0
[debug] [2021-10-12T08:09:13.560Z] Platform:      win32
[debug] [2021-10-12T08:09:13.560Z] Node Version:  v14.17.1
[debug] [2021-10-12T08:09:13.561Z] Time:          Tue Oct 12 2021 09:09:13 GMT+0100 (West Africa Standard Time)
[debug] [2021-10-12T08:09:13.561Z] ----------------------------------------------------------------------
[debug] 
[debug] [2021-10-12T08:09:14.044Z] > command requires scopes: ["email","openid","https://www.googleapis.com/auth/cloudplatformprojects.readonly","https://www.googleapis.com/auth/firebase","https://www.googleapis.com/auth/cloud-platform"]
[debug] [2021-10-12T08:09:14.045Z] > authorizing via signed-in user (ayelojahighbee01@gmail.com)
[info] 
     ######## #### ########  ######## ########     ###     ######  ########
     ##        ##  ##     ## ##       ##     ##  ##   ##  ##       ##
     ######    ##  ########  ######   ########  #########  ######  ######
     ##        ##  ##    ##  ##       ##     ## ##     ##       ## ##
     ##       #### ##     ## ######## ########  ##     ##  ######  ########

You're about to initialize a Firebase project in this directory:

  C:\Users\USER\Desktop\web development\Clone\Amazon-clone\amazon

Before we get started, keep in mind:

  * You are initializing within an existing Firebase project directory

